# JRE version: OpenJDK Runtime Environment (8.0_76-b03) (build 1.8.0_76-release-b03)
# Java VM: OpenJDK 64-Bit Server VM (25.76-b03 mixed mode windows-amd64 compressed oops)
Heap:
 PSYoungGen      total 194048K, used 157844K [0x00000000e0000000, 0x00000000ef480000, 0x0000000100000000)
  eden space 172032K, 87% used [0x00000000e0000000,0x00000000e937ac58,0x00000000ea800000)
  from space 22016K, 31% used [0x00000000ea800000,0x00000000eaeaa668,0x00000000ebd80000)
  to   space 21504K, 0% used [0x00000000edf80000,0x00000000edf80000,0x00000000ef480000)
 ParOldGen       total 66048K, used 40536K [0x00000000a0000000, 0x00000000a4080000, 0x00000000e0000000)
  object space 66048K, 61% used [0x00000000a0000000,0x00000000a2796360,0x00000000a4080000)
 Metaspace       used 58157K, capacity 60408K, committed 60592K, reserved 1101824K
  class space    used 7766K, capacity 8269K, committed 8368K, reserved 1048576K
GC Heap History (10 events):
Event: 16.008 GC heap before
{Heap before GC invocations=12 (full 2):
 PSYoungGen      total 148992K, used 148969K [0x00000000e0000000, 0x00000000ebf80000, 0x0000000100000000)
  eden space 137216K, 100% used [0x00000000e0000000,0x00000000e8600000,0x00000000e8600000)
  from space 11776K, 99% used [0x00000000e8600000,0x00000000e917a6e8,0x00000000e9180000)
  to   space 14336K, 0% used [0x00000000eb180000,0x00000000eb180000,0x00000000ebf80000)
 ParOldGen       total 66048K, used 21073K [0x00000000a0000000, 0x00000000a4080000, 0x00000000e0000000)
  object space 66048K, 31% used [0x00000000a0000000,0x00000000a1494638,0x00000000a4080000)
 Metaspace       used 50240K, capacity 51820K, committed 52016K, reserved 1093632K
  class space    used 6826K, capacity 7196K, committed 7216K, reserved 1048576K
Event: 16.069 GC heap after
Heap after GC invocations=12 (full 2):
 PSYoungGen      total 175104K, used 14335K [0x00000000e0000000, 0x00000000ed000000, 0x0000000100000000)
  eden space 160768K, 0% used [0x00000000e0000000,0x00000000e0000000,0x00000000e9d00000)
  from space 14336K, 99% used [0x00000000eb180000,0x00000000ebf7fff0,0x00000000ebf80000)
  to   space 20992K, 0% used [0x00000000e9d00000,0x00000000e9d00000,0x00000000eb180000)
 ParOldGen       total 66048K, used 33151K [0x00000000a0000000, 0x00000000a4080000, 0x00000000e0000000)
  object space 66048K, 50% used [0x00000000a0000000,0x00000000a205fe90,0x00000000a4080000)
 Metaspace       used 50240K, capacity 51820K, committed 52016K, reserved 1093632K
  class space    used 6826K, capacity 7196K, committed 7216K, reserved 1048576K
}
Event: 17.129 GC heap before
{Heap before GC invocations=13 (full 2):
 PSYoungGen      total 175104K, used 48805K [0x00000000e0000000, 0x00000000ed000000, 0x0000000100000000)
  eden space 160768K, 21% used [0x00000000e0000000,0x00000000e21a9780,0x00000000e9d00000)
  from space 14336K, 99% used [0x00000000eb180000,0x00000000ebf7fff0,0x00000000ebf80000)
  to   space 20992K, 0% used [0x00000000e9d00000,0x00000000e9d00000,0x00000000eb180000)
 ParOldGen       total 66048K, used 33151K [0x00000000a0000000, 0x00000000a4080000, 0x00000000e0000000)
  object space 66048K, 50% used [0x00000000a0000000,0x00000000a205fe90,0x00000000a4080000)
 Metaspace       used 51764K, capacity 53778K, committed 53936K, reserved 1095680K
  class space    used 7097K, capacity 7576K, committed 7600K, reserved 1048576K
Event: 17.174 GC heap after
Heap after GC invocations=13 (full 2):
 PSYoungGen      total 181760K, used 18287K [0x00000000e0000000, 0x00000000ed400000, 0x0000000100000000)
  eden space 160768K, 0% used [0x00000000e0000000,0x00000000e0000000,0x00000000e9d00000)
  from space 20992K, 87% used [0x00000000e9d00000,0x00000000eaedbce8,0x00000000eb180000)
  to   space 23040K, 0% used [0x00000000ebd80000,0x00000000ebd80000,0x00000000ed400000)
 ParOldGen       total 66048K, used 33151K [0x00000000a0000000, 0x00000000a4080000, 0x00000000e0000000)
  object space 66048K, 50% used [0x00000000a0000000,0x00000000a205fe90,0x00000000a4080000)
 Metaspace       used 51764K, capacity 53778K, committed 53936K, reserved 1095680K
  class space    used 7097K, capacity 7576K, committed 7600K, reserved 1048576K
}
Event: 17.174 GC heap before
{Heap before GC invocations=14 (full 3):
 PSYoungGen      total 181760K, used 18287K [0x00000000e0000000, 0x00000000ed400000, 0x0000000100000000)
  eden space 160768K, 0% used [0x00000000e0000000,0x00000000e0000000,0x00000000e9d00000)
  from space 20992K, 87% used [0x00000000e9d00000,0x00000000eaedbce8,0x00000000eb180000)
  to   space 23040K, 0% used [0x00000000ebd80000,0x00000000ebd80000,0x00000000ed400000)
 ParOldGen       total 66048K, used 33151K [0x00000000a0000000, 0x00000000a4080000, 0x00000000e0000000)
  object space 66048K, 50% used [0x00000000a0000000,0x00000000a205fe90,0x00000000a4080000)
 Metaspace       used 51764K, capacity 53778K, committed 53936K, reserved 1095680K
  class space    used 7097K, capacity 7576K, committed 7600K, reserved 1048576K
Event: 17.583 GC heap after
Heap after GC invocations=14 (full 3):
 PSYoungGen      total 181760K, used 0K [0x00000000e0000000, 0x00000000ed400000, 0x0000000100000000)
  eden space 160768K, 0% used [0x00000000e0000000,0x00000000e0000000,0x00000000e9d00000)
  from space 20992K, 0% used [0x00000000e9d00000,0x00000000e9d00000,0x00000000eb180000)
  to   space 23040K, 0% used [0x00000000ebd80000,0x00000000ebd80000,0x00000000ed400000)
 ParOldGen       total 66048K, used 40520K [0x00000000a0000000, 0x00000000a4080000, 0x00000000e0000000)
  object space 66048K, 61% used [0x00000000a0000000,0x00000000a2792360,0x00000000a4080000)
 Metaspace       used 51764K, capacity 53778K, committed 53936K, reserved 1095680K
  class space    used 7097K, capacity 7576K, committed 7600K, reserved 1048576K
}
Event: 32.896 GC heap before
{Heap before GC invocations=15 (full 3):
 PSYoungGen      total 181760K, used 160768K [0x00000000e0000000, 0x00000000ed400000, 0x0000000100000000)
  eden space 160768K, 100% used [0x00000000e0000000,0x00000000e9d00000,0x00000000e9d00000)
  from space 20992K, 0% used [0x00000000e9d00000,0x00000000e9d00000,0x00000000eb180000)
  to   space 23040K, 0% used [0x00000000ebd80000,0x00000000ebd80000,0x00000000ed400000)
 ParOldGen       total 66048K, used 40520K [0x00000000a0000000, 0x00000000a4080000, 0x00000000e0000000)
  object space 66048K, 61% used [0x00000000a0000000,0x00000000a2792360,0x00000000a4080000)
 Metaspace       used 55300K, capacity 57432K, committed 57648K, reserved 1099776K
  class space    used 7450K, capacity 7943K, committed 7984K, reserved 1048576K
Event: 32.937 GC heap after
Heap after GC invocations=15 (full 3):
 PSYoungGen      total 195072K, used 11444K [0x00000000e0000000, 0x00000000eea00000, 0x0000000100000000)
  eden space 172032K, 0% used [0x00000000e0000000,0x00000000e0000000,0x00000000ea800000)
  from space 23040K, 49% used [0x00000000ebd80000,0x00000000ec8ad280,0x00000000ed400000)
  to   space 22016K, 0% used [0x00000000ea800000,0x00000000ea800000,0x00000000ebd80000)
 ParOldGen       total 66048K, used 40528K [0x00000000a0000000, 0x00000000a4080000, 0x00000000e0000000)
  object space 66048K, 61% used [0x00000000a0000000,0x00000000a2794360,0x00000000a4080000)
 Metaspace       used 55300K, capacity 57432K, committed 57648K, reserved 1099776K
  class space    used 7450K, capacity 7943K, committed 7984K, reserved 1048576K
}
Event: 48.644 GC heap before
{Heap before GC invocations=16 (full 3):
 PSYoungGen      total 195072K, used 183476K [0x00000000e0000000, 0x00000000eea00000, 0x0000000100000000)
  eden space 172032K, 100% used [0x00000000e0000000,0x00000000ea800000,0x00000000ea800000)
  from space 23040K, 49% used [0x00000000ebd80000,0x00000000ec8ad280,0x00000000ed400000)
  to   space 22016K, 0% used [0x00000000ea800000,0x00000000ea800000,0x00000000ebd80000)
 ParOldGen       total 66048K, used 40528K [0x00000000a0000000, 0x00000000a4080000, 0x00000000e0000000)
  object space 66048K, 61% used [0x00000000a0000000,0x00000000a2794360,0x00000000a4080000)
 Metaspace       used 56137K, capacity 58352K, committed 58544K, reserved 1099776K
  class space    used 7528K, capacity 8025K, committed 8112K, reserved 1048576K
Event: 48.759 GC heap after
Heap after GC invocations=16 (full 3):
 PSYoungGen      total 194048K, used 6825K [0x00000000e0000000, 0x00000000ef480000, 0x0000000100000000)
  eden space 172032K, 0% used [0x00000000e0000000,0x00000000e0000000,0x00000000ea800000)
  from space 22016K, 31% used [0x00000000ea800000,0x00000000eaeaa668,0x00000000ebd80000)
  to   space 21504K, 0% used [0x00000000edf80000,0x00000000edf80000,0x00000000ef480000)
 ParOldGen       total 66048K, used 40536K [0x00000000a0000000, 0x00000000a4080000, 0x00000000e0000000)
  object space 66048K, 61% used [0x00000000a0000000,0x00000000a2796360,0x00000000a4080000)
 Metaspace       used 56137K, capacity 58352K, committed 58544K, reserved 1099776K
  class space    used 7528K, capacity 8025K, committed 8112K, reserved 1048576K
}

